<?xml version="1.0" encoding="UTF-8"?>
<!-- Generated by org.testng.reporters.JUnitReportReporter -->
<testsuite hostname="DESKTOP-STU1IE1" failures="0" tests="1" name="CustomerCreate.CustomerCreate.CustomerCreate" time="3.802" errors="0" timestamp="2024-09-19T20:36:36 IST" skipped="0">
  <testcase classname="CustomerCreate.CustomerCreate.CustomerCreate" name="OpenUrl" time="3.802"/>
</testsuite> <!-- CustomerCreate.CustomerCreate.CustomerCreate -->
